<?xml version="1.0" encoding="UTF-8" ?>
<testsuite errors="0" skipped="0" tests="1" time="0.045" failures="0" name="de.tmobile.cabu.MainTest">
  <properties>
    <property value="Java(TM) 2 Runtime Environment, Standard Edition" name="java.runtime.name"/>
    <property value="/users/dbnu04c/user1/data/behrens/jdk1.5.0_08/jre/lib/amd64" name="sun.boot.library.path"/>
    <property value="1.5.0_08-b03" name="java.vm.version"/>
    <property value="Sun Microsystems Inc." name="java.vm.vendor"/>
    <property value="http://java.sun.com/" name="java.vendor.url"/>
    <property value=":" name="path.separator"/>
    <property value="Java HotSpot(TM) 64-Bit Server VM" name="java.vm.name"/>
    <property value="sun.io" name="file.encoding.pkg"/>
    <property value="US" name="user.country"/>
    <property value="unknown" name="sun.os.patch.level"/>
    <property value="Java Virtual Machine Specification" name="java.vm.specification.name"/>
    <property value="/users/dbnu04c/user1/data/behrens/eclipseWork/generator-load-alma" name="user.dir"/>
    <property value="1.5.0_08-b03" name="java.runtime.version"/>
    <property value="sun.awt.X11GraphicsEnvironment" name="java.awt.graphicsenv"/>
    <property value="/users/dbnu04c/user1/data/behrens/eclipseWork/generator-load-alma" name="basedir"/>
    <property value="/users/dbnu04c/user1/data/behrens/jdk1.5.0_08/jre/lib/endorsed" name="java.endorsed.dirs"/>
    <property value="amd64" name="os.arch"/>
    <property value="/tmp" name="java.io.tmpdir"/>
    <property value="
" name="line.separator"/>
    <property value="Sun Microsystems Inc." name="java.vm.specification.vendor"/>
    <property value="Linux" name="os.name"/>
    <property value="UTF-8" name="sun.jnu.encoding"/>
    <property value="/users/dbnu04c/user1/data/behrens/jdk1.5.0_08/jre/lib/amd64/server:/users/dbnu04c/user1/data/behrens/jdk1.5.0_08/jre/lib/amd64:/users/dbnu04c/user1/data/behrens/jdk1.5.0_08/jre/../lib/amd64:/appl/local/oracle/9.2.0/lib:/vobs/tps_binary/lib/linux-x86_64/debug:/vobs/tps_binary/lib/linux-x86_64/debug:/vobs/cbs_binary/lib/linux-x86_64/debug:/vobs/private_binary/lib/linux-x86_64/debug:/users/dbnu04c/user1/data/TimesTen/tt51/lib:/vobs/tps_binary/lib/linux-x86_64/debug:/vobs/tps_binary/lib/linux-x86_64/debug:/vobs/cbs_binary/lib/linux-x86_64/debug:/vobs/private_binary/lib/linux-x86_64/debug:/users/dbnu04c/user1/data/TimesTen/tt51/lib:/appl/local/oracle/9.2.0/lib32:/usr/lib/X11:/usr/X11R6/lib:/appl/local/oracle/9.2.0/lib" name="java.library.path"/>
    <property value="Java Platform API Specification" name="java.specification.name"/>
    <property value="49.0" name="java.class.version"/>
    <property value="HotSpot 64-Bit Server Compiler" name="sun.management.compiler"/>
    <property value="2.6.5-7.257-smp" name="os.version"/>
    <property value="/users/dxccwl/user7/behrenan" name="user.home"/>
    <property value="" name="user.timezone"/>
    <property value="sun.print.PSPrinterJob" name="java.awt.printerjob"/>
    <property value="UTF-8" name="file.encoding"/>
    <property value="1.5" name="java.specification.version"/>
    <property value="behrenan" name="user.name"/>
    <property value="/users/dxccwl/user7/behrenan/workspace/tools/maven-2.0.4/repro/org/apache/maven/surefire/surefire-api/2.0/surefire-api-2.0.jar:/users/dxccwl/user7/behrenan/workspace/tools/maven-2.0.4/repro/org/codehaus/plexus/plexus-utils/1.1/plexus-utils-1.1.jar:/users/dxccwl/user7/behrenan/workspace/tools/maven-2.0.4/repro/org/apache/maven/surefire/surefire-booter/2.0/surefire-booter-2.0.jar" name="java.class.path"/>
    <property value="1.0" name="java.vm.specification.version"/>
    <property value="64" name="sun.arch.data.model"/>
    <property value="/users/dbnu04c/user1/data/behrens/jdk1.5.0_08/jre" name="java.home"/>
    <property value="Sun Microsystems Inc." name="java.specification.vendor"/>
    <property value="en" name="user.language"/>
    <property value="mixed mode" name="java.vm.info"/>
    <property value="1.5.0_08" name="java.version"/>
    <property value="/users/dbnu04c/user1/data/behrens/jdk1.5.0_08/jre/lib/ext" name="java.ext.dirs"/>
    <property value="/users/dbnu04c/user1/data/behrens/jdk1.5.0_08/jre/lib/rt.jar:/users/dbnu04c/user1/data/behrens/jdk1.5.0_08/jre/lib/i18n.jar:/users/dbnu04c/user1/data/behrens/jdk1.5.0_08/jre/lib/sunrsasign.jar:/users/dbnu04c/user1/data/behrens/jdk1.5.0_08/jre/lib/jsse.jar:/users/dbnu04c/user1/data/behrens/jdk1.5.0_08/jre/lib/jce.jar:/users/dbnu04c/user1/data/behrens/jdk1.5.0_08/jre/lib/charsets.jar:/users/dbnu04c/user1/data/behrens/jdk1.5.0_08/jre/classes" name="sun.boot.class.path"/>
    <property value="Sun Microsystems Inc." name="java.vendor"/>
    <property value="/users/dxccwl/user7/behrenan/workspace/tools/maven-2.0.4/repro" name="localRepository"/>
    <property value="/" name="file.separator"/>
    <property value="http://java.sun.com/cgi-bin/bugreport.cgi" name="java.vendor.url.bug"/>
    <property value="little" name="sun.cpu.endian"/>
    <property value="UnicodeLittle" name="sun.io.unicode.encoding"/>
    <property value="" name="sun.cpu.isalist"/>
  </properties>
  <testcase time="0.002" name="testUnregisterBuilder"/>
</testsuite>